<?xml version="1.0" encoding="UTF-8"?>
<!-- Generated by org.testng.reporters.JUnitReportReporter -->
<testsuite skipped="0" hostname="HP" name="com.jenkinsDemo.Base.FbTitle" tests="2" failures="0" timestamp="2020-08-09T16:51:43 IST" time="0.079" errors="0">
  <testcase name="verifyTitle" time="0.035" classname="com.jenkinsDemo.Base.FbTitle"/>
  <testcase name="verifyUrl" time="0.044" classname="com.jenkinsDemo.Base.FbTitle"/>
</testsuite> <!-- com.jenkinsDemo.Base.FbTitle -->
