<?xml version="1.0" encoding="UTF-8"?>
<!-- Generated by org.testng.reporters.JUnitReportReporter -->
<testsuite skipped="0" hostname="HP" name="com.jenkinsDemo.Base.FbTitle" tests="2" failures="0" timestamp="2020-08-16T17:41:21 IST" time="0.058" errors="0">
  <testcase name="verifyUrl" time="0.017" classname="com.jenkinsDemo.Base.FbTitle"/>
  <system-out/>
  <testcase name="verifyTitle" time="0.041" classname="com.jenkinsDemo.Base.FbTitle"/>
  <system-out/>
</testsuite> <!-- com.jenkinsDemo.Base.FbTitle -->
